<?xml version="1.0" encoding="UTF-8"?>
<testsuite name="com.mamba.calc.CalcApplicationTests" tests="1" skipped="0" failures="0" errors="0" timestamp="2021-02-27T17:16:27" hostname="shnv" time="0.457">
  <properties/>
  <testcase name="contextLoads()" classname="com.mamba.calc.CalcApplicationTests" time="0.457"/>
  <system-out><![CDATA[18:16:22.089 [Test worker] DEBUG org.springframework.test.context.BootstrapUtils - Instantiating CacheAwareContextLoaderDelegate from class [org.springframework.test.context.cache.DefaultCacheAwareContextLoaderDelegate]
18:16:22.127 [Test worker] DEBUG org.springframework.test.context.BootstrapUtils - Instantiating BootstrapContext using constructor [public org.springframework.test.context.support.DefaultBootstrapContext(java.lang.Class,org.springframework.test.context.CacheAwareContextLoaderDelegate)]
18:16:22.234 [Test worker] DEBUG org.springframework.test.context.BootstrapUtils - Instantiating TestContextBootstrapper for test class [com.mamba.calc.CalcApplicationTests] from class [org.springframework.boot.test.context.SpringBootTestContextBootstrapper]
18:16:22.269 [Test worker] INFO org.springframework.boot.test.context.SpringBootTestContextBootstrapper - Neither @ContextConfiguration nor @ContextHierarchy found for test class [com.mamba.calc.CalcApplicationTests], using SpringBootContextLoader
18:16:22.280 [Test worker] DEBUG org.springframework.test.context.support.AbstractContextLoader - Did not detect default resource location for test class [com.mamba.calc.CalcApplicationTests]: class path resource [com/mamba/calc/CalcApplicationTests-context.xml] does not exist
18:16:22.282 [Test worker] DEBUG org.springframework.test.context.support.AbstractContextLoader - Did not detect default resource location for test class [com.mamba.calc.CalcApplicationTests]: class path resource [com/mamba/calc/CalcApplicationTestsContext.groovy] does not exist
18:16:22.283 [Test worker] INFO org.springframework.test.context.support.AbstractContextLoader - Could not detect default resource locations for test class [com.mamba.calc.CalcApplicationTests]: no resource found for suffixes {-context.xml, Context.groovy}.
18:16:22.285 [Test worker] INFO org.springframework.test.context.support.AnnotationConfigContextLoaderUtils - Could not detect default configuration classes for test class [com.mamba.calc.CalcApplicationTests]: CalcApplicationTests does not declare any static, non-private, non-final, nested classes annotated with @Configuration.
18:16:22.414 [Test worker] DEBUG org.springframework.test.context.support.ActiveProfilesUtils - Could not find an 'annotation declaring class' for annotation type [org.springframework.test.context.ActiveProfiles] and class [com.mamba.calc.CalcApplicationTests]
18:16:22.593 [Test worker] DEBUG org.springframework.context.annotation.ClassPathScanningCandidateComponentProvider - Identified candidate component class: file [/home/shn/workspaces/git/jenkins/calc/build/classes/java/main/com/mamba/calc/CalcApplication.class]
18:16:22.596 [Test worker] INFO org.springframework.boot.test.context.SpringBootTestContextBootstrapper - Found @SpringBootConfiguration com.mamba.calc.CalcApplication for test class com.mamba.calc.CalcApplicationTests
18:16:22.914 [Test worker] DEBUG org.springframework.boot.test.context.SpringBootTestContextBootstrapper - @TestExecutionListeners is not present for class [com.mamba.calc.CalcApplicationTests]: using defaults.
18:16:22.916 [Test worker] INFO org.springframework.boot.test.context.SpringBootTestContextBootstrapper - Loaded default TestExecutionListener class names from location [META-INF/spring.factories]: [org.springframework.boot.test.autoconfigure.restdocs.RestDocsTestExecutionListener, org.springframework.boot.test.autoconfigure.web.client.MockRestServiceServerResetTestExecutionListener, org.springframework.boot.test.autoconfigure.web.servlet.MockMvcPrintOnlyOnFailureTestExecutionListener, org.springframework.boot.test.autoconfigure.web.servlet.WebDriverTestExecutionListener, org.springframework.boot.test.autoconfigure.webservices.client.MockWebServiceServerTestExecutionListener, org.springframework.boot.test.mock.mockito.MockitoTestExecutionListener, org.springframework.boot.test.mock.mockito.ResetMocksTestExecutionListener, org.springframework.test.context.web.ServletTestExecutionListener, org.springframework.test.context.support.DirtiesContextBeforeModesTestExecutionListener, org.springframework.test.context.event.ApplicationEventsTestExecutionListener, org.springframework.test.context.support.DependencyInjectionTestExecutionListener, org.springframework.test.context.support.DirtiesContextTestExecutionListener, org.springframework.test.context.transaction.TransactionalTestExecutionListener, org.springframework.test.context.jdbc.SqlScriptsTestExecutionListener, org.springframework.test.context.event.EventPublishingTestExecutionListener]
18:16:22.947 [Test worker] DEBUG org.springframework.boot.test.context.SpringBootTestContextBootstrapper - Skipping candidate TestExecutionListener [org.springframework.test.context.transaction.TransactionalTestExecutionListener] due to a missing dependency. Specify custom listener classes or make the default listener classes and their required dependencies available. Offending class: [org/springframework/transaction/TransactionDefinition]
18:16:22.949 [Test worker] DEBUG org.springframework.boot.test.context.SpringBootTestContextBootstrapper - Skipping candidate TestExecutionListener [org.springframework.test.context.jdbc.SqlScriptsTestExecutionListener] due to a missing dependency. Specify custom listener classes or make the default listener classes and their required dependencies available. Offending class: [org/springframework/transaction/interceptor/TransactionAttribute]
18:16:22.950 [Test worker] INFO org.springframework.boot.test.context.SpringBootTestContextBootstrapper - Using TestExecutionListeners: [org.springframework.test.context.web.ServletTestExecutionListener@61847e05, org.springframework.test.context.support.DirtiesContextBeforeModesTestExecutionListener@3a043087, org.springframework.test.context.event.ApplicationEventsTestExecutionListener@15c5820, org.springframework.boot.test.mock.mockito.MockitoTestExecutionListener@24856cbc, org.springframework.boot.test.autoconfigure.SpringBootDependencyInjectionTestExecutionListener@66335a7f, org.springframework.test.context.support.DirtiesContextTestExecutionListener@7da8de36, org.springframework.test.context.event.EventPublishingTestExecutionListener@1e5614fb, org.springframework.boot.test.autoconfigure.restdocs.RestDocsTestExecutionListener@11397b01, org.springframework.boot.test.autoconfigure.web.client.MockRestServiceServerResetTestExecutionListener@6d252bfb, org.springframework.boot.test.autoconfigure.web.servlet.MockMvcPrintOnlyOnFailureTestExecutionListener@56471107, org.springframework.boot.test.autoconfigure.web.servlet.WebDriverTestExecutionListener@781826f8, org.springframework.boot.test.autoconfigure.webservices.client.MockWebServiceServerTestExecutionListener@22a3ab89, org.springframework.boot.test.mock.mockito.ResetMocksTestExecutionListener@669d36d5]
18:16:22.965 [Test worker] DEBUG org.springframework.test.context.support.AbstractDirtiesContextTestExecutionListener - Before test class: context [DefaultTestContext@542771d9 testClass = CalcApplicationTests, testInstance = [null], testMethod = [null], testException = [null], mergedContextConfiguration = [WebMergedContextConfiguration@4b5ac737 testClass = CalcApplicationTests, locations = '{}', classes = '{class com.mamba.calc.CalcApplication}', contextInitializerClasses = '[]', activeProfiles = '{}', propertySourceLocations = '{}', propertySourceProperties = '{org.springframework.boot.test.context.SpringBootTestContextBootstrapper=true}', contextCustomizers = set[org.springframework.boot.test.autoconfigure.actuate.metrics.MetricsExportContextCustomizerFactory$DisableMetricExportContextCustomizer@393369f1, org.springframework.boot.test.autoconfigure.properties.PropertyMappingContextCustomizer@0, org.springframework.boot.test.autoconfigure.web.servlet.WebDriverContextCustomizerFactory$Customizer@5bf703ef, org.springframework.boot.test.context.filter.ExcludeFilterContextCustomizer@18d17d29, org.springframework.boot.test.json.DuplicateJsonObjectContextCustomizerFactory$DuplicateJsonObjectContextCustomizer@5bc46762, org.springframework.boot.test.mock.mockito.MockitoContextCustomizer@0, org.springframework.boot.test.web.client.TestRestTemplateContextCustomizer@6cb98e9c, org.springframework.boot.test.context.SpringBootTestArgs@1, org.springframework.boot.test.context.SpringBootTestWebEnvironment@2a202471], resourceBasePath = 'src/main/webapp', contextLoader = 'org.springframework.boot.test.context.SpringBootContextLoader', parent = [null]], attributes = map['org.springframework.test.context.web.ServletTestExecutionListener.activateListener' -> true]], class annotated with @DirtiesContext [false] with mode [null].
18:16:23.053 [Test worker] DEBUG org.springframework.test.context.support.TestPropertySourceUtils - Adding inlined properties to environment: {spring.jmx.enabled=false, org.springframework.boot.test.context.SpringBootTestContextBootstrapper=true}

  .   ____          _            __ _ _
 /\\ / ___'_ __ _ _(_)_ __  __ _ \ \ \ \
( ( )\___ | '_ | '_| | '_ \/ _` | \ \ \ \
 \\/  ___)| |_)| | | | | || (_| |  ) ) ) )
  '  |____| .__|_| |_|_| |_\__, | / / / /
 =========|_|==============|___/=/_/_/_/
 :: Spring Boot ::                (v2.4.3)

2021-02-27 18:16:23.813  INFO 8237 --- [    Test worker] com.mamba.calc.CalcApplicationTests      : Starting CalcApplicationTests using Java 1.8.0_201 on shnv with PID 8237 (started by shn in /home/shn/workspaces/git/jenkins/calc)
2021-02-27 18:16:23.832  INFO 8237 --- [    Test worker] com.mamba.calc.CalcApplicationTests      : No active profile set, falling back to default profiles: default
2021-02-27 18:16:27.078  INFO 8237 --- [    Test worker] o.s.s.concurrent.ThreadPoolTaskExecutor  : Initializing ExecutorService 'applicationTaskExecutor'
2021-02-27 18:16:27.914  INFO 8237 --- [    Test worker] com.mamba.calc.CalcApplicationTests      : Started CalcApplicationTests in 4.843 seconds (JVM running for 8.105)
]]></system-out>
  <system-err><![CDATA[]]></system-err>
</testsuite>
