<?xml version="1.0" encoding="UTF-8"?>
<testsuite name="com.mamba.calc.CalcApplicationTests" tests="1" skipped="0" failures="0" errors="0" timestamp="2021-02-27T18:06:40" hostname="shnv" time="0.928">
  <properties/>
  <testcase name="contextLoads()" classname="com.mamba.calc.CalcApplicationTests" time="0.928"/>
  <system-out><![CDATA[19:06:30.842 [Test worker] DEBUG org.springframework.test.context.BootstrapUtils - Instantiating CacheAwareContextLoaderDelegate from class [org.springframework.test.context.cache.DefaultCacheAwareContextLoaderDelegate]
19:06:30.926 [Test worker] DEBUG org.springframework.test.context.BootstrapUtils - Instantiating BootstrapContext using constructor [public org.springframework.test.context.support.DefaultBootstrapContext(java.lang.Class,org.springframework.test.context.CacheAwareContextLoaderDelegate)]
19:06:31.144 [Test worker] DEBUG org.springframework.test.context.BootstrapUtils - Instantiating TestContextBootstrapper for test class [com.mamba.calc.CalcApplicationTests] from class [org.springframework.boot.test.context.SpringBootTestContextBootstrapper]
19:06:31.231 [Test worker] INFO org.springframework.boot.test.context.SpringBootTestContextBootstrapper - Neither @ContextConfiguration nor @ContextHierarchy found for test class [com.mamba.calc.CalcApplicationTests], using SpringBootContextLoader
19:06:31.255 [Test worker] DEBUG org.springframework.test.context.support.AbstractContextLoader - Did not detect default resource location for test class [com.mamba.calc.CalcApplicationTests]: class path resource [com/mamba/calc/CalcApplicationTests-context.xml] does not exist
19:06:31.257 [Test worker] DEBUG org.springframework.test.context.support.AbstractContextLoader - Did not detect default resource location for test class [com.mamba.calc.CalcApplicationTests]: class path resource [com/mamba/calc/CalcApplicationTestsContext.groovy] does not exist
19:06:31.258 [Test worker] INFO org.springframework.test.context.support.AbstractContextLoader - Could not detect default resource locations for test class [com.mamba.calc.CalcApplicationTests]: no resource found for suffixes {-context.xml, Context.groovy}.
19:06:31.261 [Test worker] INFO org.springframework.test.context.support.AnnotationConfigContextLoaderUtils - Could not detect default configuration classes for test class [com.mamba.calc.CalcApplicationTests]: CalcApplicationTests does not declare any static, non-private, non-final, nested classes annotated with @Configuration.
19:06:31.465 [Test worker] DEBUG org.springframework.test.context.support.ActiveProfilesUtils - Could not find an 'annotation declaring class' for annotation type [org.springframework.test.context.ActiveProfiles] and class [com.mamba.calc.CalcApplicationTests]
19:06:31.793 [Test worker] DEBUG org.springframework.context.annotation.ClassPathScanningCandidateComponentProvider - Identified candidate component class: file [/home/shn/workspaces/git/jenkins/calc/build/classes/java/main/com/mamba/calc/CalcApplication.class]
19:06:31.797 [Test worker] INFO org.springframework.boot.test.context.SpringBootTestContextBootstrapper - Found @SpringBootConfiguration com.mamba.calc.CalcApplication for test class com.mamba.calc.CalcApplicationTests
19:06:32.434 [Test worker] DEBUG org.springframework.boot.test.context.SpringBootTestContextBootstrapper - @TestExecutionListeners is not present for class [com.mamba.calc.CalcApplicationTests]: using defaults.
19:06:32.436 [Test worker] INFO org.springframework.boot.test.context.SpringBootTestContextBootstrapper - Loaded default TestExecutionListener class names from location [META-INF/spring.factories]: [org.springframework.boot.test.autoconfigure.restdocs.RestDocsTestExecutionListener, org.springframework.boot.test.autoconfigure.web.client.MockRestServiceServerResetTestExecutionListener, org.springframework.boot.test.autoconfigure.web.servlet.MockMvcPrintOnlyOnFailureTestExecutionListener, org.springframework.boot.test.autoconfigure.web.servlet.WebDriverTestExecutionListener, org.springframework.boot.test.autoconfigure.webservices.client.MockWebServiceServerTestExecutionListener, org.springframework.boot.test.mock.mockito.MockitoTestExecutionListener, org.springframework.boot.test.mock.mockito.ResetMocksTestExecutionListener, org.springframework.test.context.web.ServletTestExecutionListener, org.springframework.test.context.support.DirtiesContextBeforeModesTestExecutionListener, org.springframework.test.context.event.ApplicationEventsTestExecutionListener, org.springframework.test.context.support.DependencyInjectionTestExecutionListener, org.springframework.test.context.support.DirtiesContextTestExecutionListener, org.springframework.test.context.transaction.TransactionalTestExecutionListener, org.springframework.test.context.jdbc.SqlScriptsTestExecutionListener, org.springframework.test.context.event.EventPublishingTestExecutionListener]
19:06:32.497 [Test worker] DEBUG org.springframework.boot.test.context.SpringBootTestContextBootstrapper - Skipping candidate TestExecutionListener [org.springframework.test.context.transaction.TransactionalTestExecutionListener] due to a missing dependency. Specify custom listener classes or make the default listener classes and their required dependencies available. Offending class: [org/springframework/transaction/TransactionDefinition]
19:06:32.500 [Test worker] DEBUG org.springframework.boot.test.context.SpringBootTestContextBootstrapper - Skipping candidate TestExecutionListener [org.springframework.test.context.jdbc.SqlScriptsTestExecutionListener] due to a missing dependency. Specify custom listener classes or make the default listener classes and their required dependencies available. Offending class: [org/springframework/transaction/interceptor/TransactionAttribute]
19:06:32.501 [Test worker] INFO org.springframework.boot.test.context.SpringBootTestContextBootstrapper - Using TestExecutionListeners: [org.springframework.test.context.web.ServletTestExecutionListener@8eafa7c, org.springframework.test.context.support.DirtiesContextBeforeModesTestExecutionListener@5a5603e3, org.springframework.test.context.event.ApplicationEventsTestExecutionListener@1163c2d5, org.springframework.boot.test.mock.mockito.MockitoTestExecutionListener@7d2f5e5b, org.springframework.boot.test.autoconfigure.SpringBootDependencyInjectionTestExecutionListener@22c96298, org.springframework.test.context.support.DirtiesContextTestExecutionListener@486a3439, org.springframework.test.context.event.EventPublishingTestExecutionListener@4790328b, org.springframework.boot.test.autoconfigure.restdocs.RestDocsTestExecutionListener@40ca61a4, org.springframework.boot.test.autoconfigure.web.client.MockRestServiceServerResetTestExecutionListener@297e0687, org.springframework.boot.test.autoconfigure.web.servlet.MockMvcPrintOnlyOnFailureTestExecutionListener@302c246d, org.springframework.boot.test.autoconfigure.web.servlet.WebDriverTestExecutionListener@76ee4c89, org.springframework.boot.test.autoconfigure.webservices.client.MockWebServiceServerTestExecutionListener@65bad4b1, org.springframework.boot.test.mock.mockito.ResetMocksTestExecutionListener@3ca9acbf]
19:06:32.520 [Test worker] DEBUG org.springframework.test.context.support.AbstractDirtiesContextTestExecutionListener - Before test class: context [DefaultTestContext@3e53212b testClass = CalcApplicationTests, testInstance = [null], testMethod = [null], testException = [null], mergedContextConfiguration = [WebMergedContextConfiguration@47c0cb70 testClass = CalcApplicationTests, locations = '{}', classes = '{class com.mamba.calc.CalcApplication}', contextInitializerClasses = '[]', activeProfiles = '{}', propertySourceLocations = '{}', propertySourceProperties = '{org.springframework.boot.test.context.SpringBootTestContextBootstrapper=true}', contextCustomizers = set[org.springframework.boot.test.autoconfigure.actuate.metrics.MetricsExportContextCustomizerFactory$DisableMetricExportContextCustomizer@657bad54, org.springframework.boot.test.autoconfigure.properties.PropertyMappingContextCustomizer@0, org.springframework.boot.test.autoconfigure.web.servlet.WebDriverContextCustomizerFactory$Customizer@27977230, org.springframework.boot.test.context.filter.ExcludeFilterContextCustomizer@31d357c7, org.springframework.boot.test.json.DuplicateJsonObjectContextCustomizerFactory$DuplicateJsonObjectContextCustomizer@780e50bc, org.springframework.boot.test.mock.mockito.MockitoContextCustomizer@0, org.springframework.boot.test.web.client.TestRestTemplateContextCustomizer@66853f20, org.springframework.boot.test.context.SpringBootTestArgs@1, org.springframework.boot.test.context.SpringBootTestWebEnvironment@3fb4da60], resourceBasePath = 'src/main/webapp', contextLoader = 'org.springframework.boot.test.context.SpringBootContextLoader', parent = [null]], attributes = map['org.springframework.test.context.web.ServletTestExecutionListener.activateListener' -> true]], class annotated with @DirtiesContext [false] with mode [null].
19:06:32.666 [Test worker] DEBUG org.springframework.test.context.support.TestPropertySourceUtils - Adding inlined properties to environment: {spring.jmx.enabled=false, org.springframework.boot.test.context.SpringBootTestContextBootstrapper=true}

  .   ____          _            __ _ _
 /\\ / ___'_ __ _ _(_)_ __  __ _ \ \ \ \
( ( )\___ | '_ | '_| | '_ \/ _` | \ \ \ \
 \\/  ___)| |_)| | | | | || (_| |  ) ) ) )
  '  |____| .__|_| |_|_| |_\__, | / / / /
 =========|_|==============|___/=/_/_/_/
 :: Spring Boot ::                (v2.4.3)

2021-02-27 19:06:34.204  INFO 10349 --- [    Test worker] com.mamba.calc.CalcApplicationTests      : Starting CalcApplicationTests using Java 1.8.0_201 on shnv with PID 10349 (started by shn in /home/shn/workspaces/git/jenkins/calc)
2021-02-27 19:06:34.230  INFO 10349 --- [    Test worker] com.mamba.calc.CalcApplicationTests      : No active profile set, falling back to default profiles: default
2021-02-27 19:06:38.940  INFO 10349 --- [    Test worker] o.s.s.concurrent.ThreadPoolTaskExecutor  : Initializing ExecutorService 'applicationTaskExecutor'
2021-02-27 19:06:40.789  INFO 10349 --- [    Test worker] com.mamba.calc.CalcApplicationTests      : Started CalcApplicationTests in 8.09 seconds (JVM running for 13.759)
]]></system-out>
  <system-err><![CDATA[]]></system-err>
</testsuite>
